<?xml version="1.0" encoding="UTF-8"?>
<!-- Generated by org.testng.reporters.JUnitReportReporter -->
<testsuite hostname="DESKTOP-MFEN890" failures="0" tests="1" name="gui.registration.RegistrationHappyPath" time="9.467" errors="0" timestamp="2025-01-21T13:03:51 EET" skipped="0">
  <testcase classname="gui.registration.RegistrationHappyPath" name="verifyUserCanRegisterWithValidData" time="9.467"/>
</testsuite> <!-- gui.registration.RegistrationHappyPath -->
