<?xml version="1.0" encoding="UTF-8"?>
<!-- Generated by org.testng.reporters.JUnitReportReporter -->
<testsuite hostname="DESKTOP-MFEN890" failures="0" tests="1" name="gui.login.LoginNegativePathsTest" time="3.373" errors="0" timestamp="2025-01-21T00:59:43 EET" skipped="0">
  <testcase classname="gui.login.LoginNegativePathsTest" name="verifyUserCannotLoginWithWrongUserName" time="3.373"/>
</testsuite> <!-- gui.login.LoginNegativePathsTest -->
