<?xml version="1.0" encoding="UTF-8"?>
<!-- Generated by org.testng.reporters.JUnitReportReporter -->
<testsuite hostname="DESKTOP-MFEN890" failures="0" tests="2" name="gui.registration.RegistrationNegativePathTests" time="14.442" errors="0" timestamp="2025-01-21T13:03:51 EET" skipped="0">
  <testcase classname="gui.registration.RegistrationNegativePathTests" name="verifyTheUserCannotRegisterWithTakenUsername" time="7.424"/>
  <testcase classname="gui.registration.RegistrationNegativePathTests" name="verifyTheUserCannotRegisterWithTakenEmail" time="7.018"/>
</testsuite> <!-- gui.registration.RegistrationNegativePathTests -->
