<?xml version="1.0" encoding="UTF-8"?>
<!-- Generated by org.testng.reporters.JUnitReportReporter -->
<testsuite hostname="DESKTOP-MFEN890" failures="0" tests="1" name="gui.login.LoginPageLayoutTest" time="2.115" errors="0" timestamp="2025-01-12T01:05:48 EET" skipped="0">
  <testcase classname="gui.login.LoginPageLayoutTest" name="verifyLoginPageLayout" time="2.115"/>
</testsuite> <!-- gui.login.LoginPageLayoutTest -->
