<?xml version="1.0" encoding="UTF-8"?>
<testsuite xmlns:xsi="http://www.w3.org/2001/XMLSchema-instance" xsi:noNamespaceSchemaLocation="https://maven.apache.org/surefire/maven-surefire-plugin/xsd/surefire-test-report-3.0.xsd" version="3.0" name="TestSuite" time="75.543" tests="7" errors="0" skipped="0" failures="3">
  <properties>
    <property name="java.specification.version" value="23"/>
    <property name="sun.cpu.isalist" value="amd64"/>
    <property name="sun.jnu.encoding" value="Cp1252"/>
    <property name="java.class.path" value="C:\Users\Teddy\Documents\GitHub\SKILLO_AT_16_TAF\target\test-classes;C:\Users\Teddy\Documents\GitHub\SKILLO_AT_16_TAF\target\classes;C:\Users\Teddy\.m2\repository\org\testng\testng\7.10.2\testng-7.10.2.jar;C:\Users\Teddy\.m2\repository\org\slf4j\slf4j-api\1.7.36\slf4j-api-1.7.36.jar;C:\Users\Teddy\.m2\repository\com\beust\jcommander\1.82\jcommander-1.82.jar;C:\Users\Teddy\.m2\repository\org\webjars\jquery\3.7.1\jquery-3.7.1.jar;C:\Users\Teddy\.m2\repository\org\seleniumhq\selenium\selenium-java\4.25.0\selenium-java-4.25.0.jar;C:\Users\Teddy\.m2\repository\org\seleniumhq\selenium\selenium-api\4.25.0\selenium-api-4.25.0.jar;C:\Users\Teddy\.m2\repository\org\jspecify\jspecify\1.0.0\jspecify-1.0.0.jar;C:\Users\Teddy\.m2\repository\org\seleniumhq\selenium\selenium-chrome-driver\4.25.0\selenium-chrome-driver-4.25.0.jar;C:\Users\Teddy\.m2\repository\com\google\auto\service\auto-service-annotations\1.1.1\auto-service-annotations-1.1.1.jar;C:\Users\Teddy\.m2\repository\org\seleniumhq\selenium\selenium-chromium-driver\4.25.0\selenium-chromium-driver-4.25.0.jar;C:\Users\Teddy\.m2\repository\org\seleniumhq\selenium\selenium-json\4.25.0\selenium-json-4.25.0.jar;C:\Users\Teddy\.m2\repository\org\seleniumhq\selenium\selenium-manager\4.25.0\selenium-manager-4.25.0.jar;C:\Users\Teddy\.m2\repository\org\seleniumhq\selenium\selenium-devtools-v127\4.25.0\selenium-devtools-v127-4.25.0.jar;C:\Users\Teddy\.m2\repository\org\seleniumhq\selenium\selenium-devtools-v128\4.25.0\selenium-devtools-v128-4.25.0.jar;C:\Users\Teddy\.m2\repository\org\seleniumhq\selenium\selenium-devtools-v129\4.25.0\selenium-devtools-v129-4.25.0.jar;C:\Users\Teddy\.m2\repository\org\seleniumhq\selenium\selenium-devtools-v85\4.25.0\selenium-devtools-v85-4.25.0.jar;C:\Users\Teddy\.m2\repository\org\seleniumhq\selenium\selenium-edge-driver\4.25.0\selenium-edge-driver-4.25.0.jar;C:\Users\Teddy\.m2\repository\org\seleniumhq\selenium\selenium-firefox-driver\4.25.0\selenium-firefox-driver-4.25.0.jar;C:\Users\Teddy\.m2\repository\org\seleniumhq\selenium\selenium-http\4.25.0\selenium-http-4.25.0.jar;C:\Users\Teddy\.m2\repository\dev\failsafe\failsafe\3.3.2\failsafe-3.3.2.jar;C:\Users\Teddy\.m2\repository\org\seleniumhq\selenium\selenium-ie-driver\4.25.0\selenium-ie-driver-4.25.0.jar;C:\Users\Teddy\.m2\repository\org\seleniumhq\selenium\selenium-remote-driver\4.25.0\selenium-remote-driver-4.25.0.jar;C:\Users\Teddy\.m2\repository\com\google\guava\guava\33.3.0-jre\guava-33.3.0-jre.jar;C:\Users\Teddy\.m2\repository\com\google\guava\failureaccess\1.0.2\failureaccess-1.0.2.jar;C:\Users\Teddy\.m2\repository\com\google\guava\listenablefuture\9999.0-empty-to-avoid-conflict-with-guava\listenablefuture-9999.0-empty-to-avoid-conflict-with-guava.jar;C:\Users\Teddy\.m2\repository\com\google\code\findbugs\jsr305\3.0.2\jsr305-3.0.2.jar;C:\Users\Teddy\.m2\repository\org\checkerframework\checker-qual\3.43.0\checker-qual-3.43.0.jar;C:\Users\Teddy\.m2\repository\com\google\errorprone\error_prone_annotations\2.28.0\error_prone_annotations-2.28.0.jar;C:\Users\Teddy\.m2\repository\com\google\j2objc\j2objc-annotations\3.0.0\j2objc-annotations-3.0.0.jar;C:\Users\Teddy\.m2\repository\io\opentelemetry\semconv\opentelemetry-semconv\1.25.0-alpha\opentelemetry-semconv-1.25.0-alpha.jar;C:\Users\Teddy\.m2\repository\io\opentelemetry\opentelemetry-api\1.42.1\opentelemetry-api-1.42.1.jar;C:\Users\Teddy\.m2\repository\io\opentelemetry\opentelemetry-context\1.42.1\opentelemetry-context-1.42.1.jar;C:\Users\Teddy\.m2\repository\io\opentelemetry\opentelemetry-exporter-logging\1.42.1\opentelemetry-exporter-logging-1.42.1.jar;C:\Users\Teddy\.m2\repository\io\opentelemetry\opentelemetry-sdk-common\1.42.1\opentelemetry-sdk-common-1.42.1.jar;C:\Users\Teddy\.m2\repository\io\opentelemetry\opentelemetry-sdk-extension-autoconfigure-spi\1.42.1\opentelemetry-sdk-extension-autoconfigure-spi-1.42.1.jar;C:\Users\Teddy\.m2\repository\io\opentelemetry\opentelemetry-sdk-extension-autoconfigure\1.42.1\opentelemetry-sdk-extension-autoconfigure-1.42.1.jar;C:\Users\Teddy\.m2\repository\io\opentelemetry\opentelemetry-api-incubator\1.42.1-alpha\opentelemetry-api-incubator-1.42.1-alpha.jar;C:\Users\Teddy\.m2\repository\io\opentelemetry\opentelemetry-sdk-trace\1.42.1\opentelemetry-sdk-trace-1.42.1.jar;C:\Users\Teddy\.m2\repository\io\opentelemetry\opentelemetry-sdk\1.42.1\opentelemetry-sdk-1.42.1.jar;C:\Users\Teddy\.m2\repository\io\opentelemetry\opentelemetry-sdk-metrics\1.42.1\opentelemetry-sdk-metrics-1.42.1.jar;C:\Users\Teddy\.m2\repository\io\opentelemetry\opentelemetry-sdk-logs\1.42.1\opentelemetry-sdk-logs-1.42.1.jar;C:\Users\Teddy\.m2\repository\net\bytebuddy\byte-buddy\1.15.1\byte-buddy-1.15.1.jar;C:\Users\Teddy\.m2\repository\org\seleniumhq\selenium\selenium-os\4.25.0\selenium-os-4.25.0.jar;C:\Users\Teddy\.m2\repository\org\apache\commons\commons-exec\1.4.0\commons-exec-1.4.0.jar;C:\Users\Teddy\.m2\repository\org\seleniumhq\selenium\selenium-safari-driver\4.25.0\selenium-safari-driver-4.25.0.jar;C:\Users\Teddy\.m2\repository\org\seleniumhq\selenium\selenium-support\4.25.0\selenium-support-4.25.0.jar;C:\Users\Teddy\.m2\repository\org\apache\logging\log4j\log4j-api\2.11.1\log4j-api-2.11.1.jar;C:\Users\Teddy\.m2\repository\org\apache\logging\log4j\log4j-core\2.11.1\log4j-core-2.11.1.jar;C:\Users\Teddy\.m2\repository\commons-io\commons-io\2.17.0\commons-io-2.17.0.jar;"/>
    <property name="java.vm.vendor" value="Oracle Corporation"/>
    <property name="sun.arch.data.model" value="64"/>
    <property name="user.variant" value=""/>
    <property name="java.vendor.url" value="https://java.oracle.com/"/>
    <property name="user.timezone" value="Europe/Sofia"/>
    <property name="user.country.format" value="BG"/>
    <property name="os.name" value="Windows 11"/>
    <property name="java.vm.specification.version" value="23"/>
    <property name="sun.java.launcher" value="SUN_STANDARD"/>
    <property name="user.country" value="US"/>
    <property name="sun.boot.library.path" value="C:\Program Files\Java\jdk-23\bin"/>
    <property name="sun.java.command" value="C:\Users\Teddy\AppData\Local\Temp\surefire16201099876388212518\surefirebooter-20250121005827203_3.jar C:\Users\Teddy\AppData\Local\Temp\surefire16201099876388212518 2025-01-21T00-58-26_742-jvmRun1 surefire-20250121005827203_1tmp surefire_0-20250121005827203_2tmp"/>
    <property name="jdk.debug" value="release"/>
    <property name="surefire.test.class.path" value="C:\Users\Teddy\Documents\GitHub\SKILLO_AT_16_TAF\target\test-classes;C:\Users\Teddy\Documents\GitHub\SKILLO_AT_16_TAF\target\classes;C:\Users\Teddy\.m2\repository\org\testng\testng\7.10.2\testng-7.10.2.jar;C:\Users\Teddy\.m2\repository\org\slf4j\slf4j-api\1.7.36\slf4j-api-1.7.36.jar;C:\Users\Teddy\.m2\repository\com\beust\jcommander\1.82\jcommander-1.82.jar;C:\Users\Teddy\.m2\repository\org\webjars\jquery\3.7.1\jquery-3.7.1.jar;C:\Users\Teddy\.m2\repository\org\seleniumhq\selenium\selenium-java\4.25.0\selenium-java-4.25.0.jar;C:\Users\Teddy\.m2\repository\org\seleniumhq\selenium\selenium-api\4.25.0\selenium-api-4.25.0.jar;C:\Users\Teddy\.m2\repository\org\jspecify\jspecify\1.0.0\jspecify-1.0.0.jar;C:\Users\Teddy\.m2\repository\org\seleniumhq\selenium\selenium-chrome-driver\4.25.0\selenium-chrome-driver-4.25.0.jar;C:\Users\Teddy\.m2\repository\com\google\auto\service\auto-service-annotations\1.1.1\auto-service-annotations-1.1.1.jar;C:\Users\Teddy\.m2\repository\org\seleniumhq\selenium\selenium-chromium-driver\4.25.0\selenium-chromium-driver-4.25.0.jar;C:\Users\Teddy\.m2\repository\org\seleniumhq\selenium\selenium-json\4.25.0\selenium-json-4.25.0.jar;C:\Users\Teddy\.m2\repository\org\seleniumhq\selenium\selenium-manager\4.25.0\selenium-manager-4.25.0.jar;C:\Users\Teddy\.m2\repository\org\seleniumhq\selenium\selenium-devtools-v127\4.25.0\selenium-devtools-v127-4.25.0.jar;C:\Users\Teddy\.m2\repository\org\seleniumhq\selenium\selenium-devtools-v128\4.25.0\selenium-devtools-v128-4.25.0.jar;C:\Users\Teddy\.m2\repository\org\seleniumhq\selenium\selenium-devtools-v129\4.25.0\selenium-devtools-v129-4.25.0.jar;C:\Users\Teddy\.m2\repository\org\seleniumhq\selenium\selenium-devtools-v85\4.25.0\selenium-devtools-v85-4.25.0.jar;C:\Users\Teddy\.m2\repository\org\seleniumhq\selenium\selenium-edge-driver\4.25.0\selenium-edge-driver-4.25.0.jar;C:\Users\Teddy\.m2\repository\org\seleniumhq\selenium\selenium-firefox-driver\4.25.0\selenium-firefox-driver-4.25.0.jar;C:\Users\Teddy\.m2\repository\org\seleniumhq\selenium\selenium-http\4.25.0\selenium-http-4.25.0.jar;C:\Users\Teddy\.m2\repository\dev\failsafe\failsafe\3.3.2\failsafe-3.3.2.jar;C:\Users\Teddy\.m2\repository\org\seleniumhq\selenium\selenium-ie-driver\4.25.0\selenium-ie-driver-4.25.0.jar;C:\Users\Teddy\.m2\repository\org\seleniumhq\selenium\selenium-remote-driver\4.25.0\selenium-remote-driver-4.25.0.jar;C:\Users\Teddy\.m2\repository\com\google\guava\guava\33.3.0-jre\guava-33.3.0-jre.jar;C:\Users\Teddy\.m2\repository\com\google\guava\failureaccess\1.0.2\failureaccess-1.0.2.jar;C:\Users\Teddy\.m2\repository\com\google\guava\listenablefuture\9999.0-empty-to-avoid-conflict-with-guava\listenablefuture-9999.0-empty-to-avoid-conflict-with-guava.jar;C:\Users\Teddy\.m2\repository\com\google\code\findbugs\jsr305\3.0.2\jsr305-3.0.2.jar;C:\Users\Teddy\.m2\repository\org\checkerframework\checker-qual\3.43.0\checker-qual-3.43.0.jar;C:\Users\Teddy\.m2\repository\com\google\errorprone\error_prone_annotations\2.28.0\error_prone_annotations-2.28.0.jar;C:\Users\Teddy\.m2\repository\com\google\j2objc\j2objc-annotations\3.0.0\j2objc-annotations-3.0.0.jar;C:\Users\Teddy\.m2\repository\io\opentelemetry\semconv\opentelemetry-semconv\1.25.0-alpha\opentelemetry-semconv-1.25.0-alpha.jar;C:\Users\Teddy\.m2\repository\io\opentelemetry\opentelemetry-api\1.42.1\opentelemetry-api-1.42.1.jar;C:\Users\Teddy\.m2\repository\io\opentelemetry\opentelemetry-context\1.42.1\opentelemetry-context-1.42.1.jar;C:\Users\Teddy\.m2\repository\io\opentelemetry\opentelemetry-exporter-logging\1.42.1\opentelemetry-exporter-logging-1.42.1.jar;C:\Users\Teddy\.m2\repository\io\opentelemetry\opentelemetry-sdk-common\1.42.1\opentelemetry-sdk-common-1.42.1.jar;C:\Users\Teddy\.m2\repository\io\opentelemetry\opentelemetry-sdk-extension-autoconfigure-spi\1.42.1\opentelemetry-sdk-extension-autoconfigure-spi-1.42.1.jar;C:\Users\Teddy\.m2\repository\io\opentelemetry\opentelemetry-sdk-extension-autoconfigure\1.42.1\opentelemetry-sdk-extension-autoconfigure-1.42.1.jar;C:\Users\Teddy\.m2\repository\io\opentelemetry\opentelemetry-api-incubator\1.42.1-alpha\opentelemetry-api-incubator-1.42.1-alpha.jar;C:\Users\Teddy\.m2\repository\io\opentelemetry\opentelemetry-sdk-trace\1.42.1\opentelemetry-sdk-trace-1.42.1.jar;C:\Users\Teddy\.m2\repository\io\opentelemetry\opentelemetry-sdk\1.42.1\opentelemetry-sdk-1.42.1.jar;C:\Users\Teddy\.m2\repository\io\opentelemetry\opentelemetry-sdk-metrics\1.42.1\opentelemetry-sdk-metrics-1.42.1.jar;C:\Users\Teddy\.m2\repository\io\opentelemetry\opentelemetry-sdk-logs\1.42.1\opentelemetry-sdk-logs-1.42.1.jar;C:\Users\Teddy\.m2\repository\net\bytebuddy\byte-buddy\1.15.1\byte-buddy-1.15.1.jar;C:\Users\Teddy\.m2\repository\org\seleniumhq\selenium\selenium-os\4.25.0\selenium-os-4.25.0.jar;C:\Users\Teddy\.m2\repository\org\apache\commons\commons-exec\1.4.0\commons-exec-1.4.0.jar;C:\Users\Teddy\.m2\repository\org\seleniumhq\selenium\selenium-safari-driver\4.25.0\selenium-safari-driver-4.25.0.jar;C:\Users\Teddy\.m2\repository\org\seleniumhq\selenium\selenium-support\4.25.0\selenium-support-4.25.0.jar;C:\Users\Teddy\.m2\repository\org\apache\logging\log4j\log4j-api\2.11.1\log4j-api-2.11.1.jar;C:\Users\Teddy\.m2\repository\org\apache\logging\log4j\log4j-core\2.11.1\log4j-core-2.11.1.jar;C:\Users\Teddy\.m2\repository\commons-io\commons-io\2.17.0\commons-io-2.17.0.jar;"/>
    <property name="sun.cpu.endian" value="little"/>
    <property name="user.home" value="C:\Users\Teddy"/>
    <property name="user.language" value="en"/>
    <property name="java.specification.vendor" value="Oracle Corporation"/>
    <property name="java.version.date" value="2024-09-17"/>
    <property name="java.home" value="C:\Program Files\Java\jdk-23"/>
    <property name="file.separator" value="\"/>
    <property name="basedir" value="C:\Users\Teddy\Documents\GitHub\SKILLO_AT_16_TAF"/>
    <property name="java.vm.compressedOopsMode" value="32-bit"/>
    <property name="line.separator" value="&#10;"/>
    <property name="java.vm.specification.vendor" value="Oracle Corporation"/>
    <property name="java.specification.name" value="Java Platform API Specification"/>
    <property name="surefire.real.class.path" value="C:\Users\Teddy\AppData\Local\Temp\surefire16201099876388212518\surefirebooter-20250121005827203_3.jar"/>
    <property name="user.script" value=""/>
    <property name="sun.management.compiler" value="HotSpot 64-Bit Tiered Compilers"/>
    <property name="java.runtime.version" value="23+37-2369"/>
    <property name="user.name" value="Teddy"/>
    <property name="stdout.encoding" value="Cp1252"/>
    <property name="path.separator" value=";"/>
    <property name="os.version" value="10.0"/>
    <property name="java.runtime.name" value="Java(TM) SE Runtime Environment"/>
    <property name="file.encoding" value="UTF-8"/>
    <property name="java.vm.name" value="Java HotSpot(TM) 64-Bit Server VM"/>
    <property name="localRepository" value="C:\Users\Teddy\.m2\repository"/>
    <property name="java.vendor.url.bug" value="https://bugreport.java.com/bugreport/"/>
    <property name="java.io.tmpdir" value="C:\Users\Teddy\AppData\Local\Temp\"/>
    <property name="idea.version" value="2024.2.3"/>
    <property name="java.version" value="23"/>
    <property name="user.dir" value="C:\Users\Teddy\Documents\GitHub\SKILLO_AT_16_TAF"/>
    <property name="os.arch" value="amd64"/>
    <property name="java.vm.specification.name" value="Java Virtual Machine Specification"/>
    <property name="user.language.format" value="bg"/>
    <property name="sun.os.patch.level" value=""/>
    <property name="native.encoding" value="Cp1252"/>
    <property name="java.library.path" value="C:\Program Files\Java\jdk-23\bin;C:\WINDOWS\Sun\Java\bin;C:\WINDOWS\system32;C:\WINDOWS;C:\Program Files\Common Files\Oracle\Java\javapath;C:\Program Files (x86)\Common Files\Oracle\Java\java8path;C:\Program Files (x86)\Common Files\Oracle\Java\javapath;C:\WINDOWS\system32;C:\WINDOWS;C:\WINDOWS\System32\Wbem;C:\WINDOWS\System32\WindowsPowerShell\v1.0\;C:\WINDOWS\System32\OpenSSH\;C:\Program Files\Calibre2\;C:\Program Files\Java\jdk-23\bin;C:\Program Files\nodejs\;C:\Program Files\Git\cmd;C:\Users\Teddy\AppData\Local\Microsoft\WindowsApps;C:\Users\Teddy\AppData\Local\GitHubDesktop\bin;C:\Users\Teddy\AppData\Roaming\npm;C:\Users\Teddy\AppData\Local\Programs\Microsoft VS Code\bin;."/>
    <property name="java.vm.info" value="mixed mode, sharing"/>
    <property name="stderr.encoding" value="Cp1252"/>
    <property name="java.vendor" value="Oracle Corporation"/>
    <property name="java.vm.version" value="23+37-2369"/>
    <property name="sun.io.unicode.encoding" value="UnicodeLittle"/>
    <property name="java.class.version" value="67.0"/>
  </properties>
  <testcase name="basicEndToEnd" classname="gui.e2e.VerifyUserCanRegisterLoginUpdateProfilePost" time="7.613">
    <failure message="invalid argument: File not found : C:\Users\Teddy\Documents\GitHub\SKILLO_AT_16_TAF\src\test\resources\upload\n3Test.jpg&#10;  (Session info: chrome=131.0.6778.265)&#10;Build info: version: &apos;4.25.0&apos;, revision: &apos;8a8aea2337&apos;&#10;System info: os.name: &apos;Windows 11&apos;, os.arch: &apos;amd64&apos;, os.version: &apos;10.0&apos;, java.version: &apos;23&apos;&#10;Driver info: org.openqa.selenium.chrome.ChromeDriver&#10;Command: [97037185ed3452098cee042ae9a81c54, sendKeysToElement {id=f.61AAB83872E1815939717337121BC71A.d.06538FD80E179E2C22D4002B5DD72BE7.e.50, value=[Ljava.lang.CharSequence;@12b5454f}]&#10;Capabilities {acceptInsecureCerts: false, browserName: chrome, browserVersion: 131.0.6778.265, chrome: {chromedriverVersion: 131.0.6778.264 (2d05e315153..., userDataDir: C:\Users\Teddy\AppData\Loca...}, fedcm:accounts: true, goog:chromeOptions: {debuggerAddress: localhost:57970}, networkConnectionEnabled: false, pageLoadStrategy: normal, platformName: windows, proxy: Proxy(), se:cdp: ws://localhost:57970/devtoo..., se:cdpVersion: 131.0.6778.265, setWindowRect: true, strictFileInteractability: false, timeouts: {implicit: 0, pageLoad: 300000, script: 30000}, unhandledPromptBehavior: dismiss and notify, webauthn:extension:credBlob: true, webauthn:extension:largeBlob: true, webauthn:extension:minPinLength: true, webauthn:extension:prf: true, webauthn:virtualAuthenticators: true}&#10;Element: [[ChromeDriver: chrome on windows (97037185ed3452098cee042ae9a81c54)] -&gt; css selector: .file[type=&apos;file&apos;]]&#10;Session ID: 97037185ed3452098cee042ae9a81c54" type="org.openqa.selenium.InvalidArgumentException"><![CDATA[org.openqa.selenium.InvalidArgumentException: 
invalid argument: File not found : C:\Users\Teddy\Documents\GitHub\SKILLO_AT_16_TAF\src\test\resources\upload\n3Test.jpg
  (Session info: chrome=131.0.6778.265)
Build info: version: '4.25.0', revision: '8a8aea2337'
System info: os.name: 'Windows 11', os.arch: 'amd64', os.version: '10.0', java.version: '23'
Driver info: org.openqa.selenium.chrome.ChromeDriver
Command: [97037185ed3452098cee042ae9a81c54, sendKeysToElement {id=f.61AAB83872E1815939717337121BC71A.d.06538FD80E179E2C22D4002B5DD72BE7.e.50, value=[Ljava.lang.CharSequence;@12b5454f}]
Capabilities {acceptInsecureCerts: false, browserName: chrome, browserVersion: 131.0.6778.265, chrome: {chromedriverVersion: 131.0.6778.264 (2d05e315153..., userDataDir: C:\Users\Teddy\AppData\Loca...}, fedcm:accounts: true, goog:chromeOptions: {debuggerAddress: localhost:57970}, networkConnectionEnabled: false, pageLoadStrategy: normal, platformName: windows, proxy: Proxy(), se:cdp: ws://localhost:57970/devtoo..., se:cdpVersion: 131.0.6778.265, setWindowRect: true, strictFileInteractability: false, timeouts: {implicit: 0, pageLoad: 300000, script: 30000}, unhandledPromptBehavior: dismiss and notify, webauthn:extension:credBlob: true, webauthn:extension:largeBlob: true, webauthn:extension:minPinLength: true, webauthn:extension:prf: true, webauthn:virtualAuthenticators: true}
Element: [[ChromeDriver: chrome on windows (97037185ed3452098cee042ae9a81c54)] -> css selector: .file[type='file']]
Session ID: 97037185ed3452098cee042ae9a81c54
	at java.base/jdk.internal.reflect.DirectConstructorHandleAccessor.newInstance(DirectConstructorHandleAccessor.java:62)
	at java.base/java.lang.reflect.Constructor.newInstanceWithCaller(Constructor.java:501)
	at java.base/java.lang.reflect.Constructor.newInstance(Constructor.java:485)
	at org.openqa.selenium.remote.ErrorCodec.decode(ErrorCodec.java:167)
	at org.openqa.selenium.remote.codec.w3c.W3CHttpResponseCodec.decode(W3CHttpResponseCodec.java:138)
	at org.openqa.selenium.remote.codec.w3c.W3CHttpResponseCodec.decode(W3CHttpResponseCodec.java:50)
	at org.openqa.selenium.remote.HttpCommandExecutor.execute(HttpCommandExecutor.java:190)
	at org.openqa.selenium.remote.service.DriverCommandExecutor.invokeExecute(DriverCommandExecutor.java:216)
	at org.openqa.selenium.remote.service.DriverCommandExecutor.execute(DriverCommandExecutor.java:174)
	at org.openqa.selenium.remote.RemoteWebDriver.execute(RemoteWebDriver.java:545)
	at org.openqa.selenium.remote.RemoteWebElement.execute(RemoteWebElement.java:223)
	at org.openqa.selenium.remote.RemoteWebElement.sendKeys(RemoteWebElement.java:110)
	at java.base/jdk.internal.reflect.DirectMethodHandleAccessor.invoke(DirectMethodHandleAccessor.java:103)
	at java.base/java.lang.reflect.Method.invoke(Method.java:580)
	at org.openqa.selenium.support.pagefactory.internal.LocatingElementHandler.invoke(LocatingElementHandler.java:51)
	at jdk.proxy2/jdk.proxy2.$Proxy28.sendKeys(Unknown Source)
	at com.td.POM.PostPage.uploadPicture(PostPage.java:57)
	at gui.e2e.VerifyUserCanRegisterLoginUpdateProfilePost.basicEndToEnd(VerifyUserCanRegisterLoginUpdateProfilePost.java:31)
	at java.base/jdk.internal.reflect.DirectMethodHandleAccessor.invoke(DirectMethodHandleAccessor.java:103)
	at java.base/java.lang.reflect.Method.invoke(Method.java:580)
	at org.testng.internal.invokers.MethodInvocationHelper.invokeMethod(MethodInvocationHelper.java:141)
	at org.testng.internal.invokers.TestInvoker.invokeMethod(TestInvoker.java:686)
	at org.testng.internal.invokers.TestInvoker.invokeTestMethod(TestInvoker.java:230)
	at org.testng.internal.invokers.MethodRunner.runInSequence(MethodRunner.java:63)
	at org.testng.internal.invokers.TestInvoker$MethodInvocationAgent.invoke(TestInvoker.java:992)
	at org.testng.internal.invokers.TestInvoker.invokeTestMethods(TestInvoker.java:203)
	at org.testng.internal.invokers.TestMethodWorker.invokeTestMethods(TestMethodWorker.java:154)
	at org.testng.internal.invokers.TestMethodWorker.run(TestMethodWorker.java:134)
	at java.base/java.util.ArrayList.forEach(ArrayList.java:1597)
	at org.testng.TestRunner.privateRun(TestRunner.java:739)
	at org.testng.TestRunner.run(TestRunner.java:614)
	at org.testng.SuiteRunner.runTest(SuiteRunner.java:421)
	at org.testng.SuiteRunner.runSequentially(SuiteRunner.java:413)
	at org.testng.SuiteRunner.privateRun(SuiteRunner.java:373)
	at org.testng.SuiteRunner.run(SuiteRunner.java:312)
	at org.testng.SuiteRunnerWorker.runSuite(SuiteRunnerWorker.java:52)
	at org.testng.SuiteRunnerWorker.run(SuiteRunnerWorker.java:95)
	at org.testng.TestNG.runSuitesSequentially(TestNG.java:1274)
	at org.testng.TestNG.runSuitesLocally(TestNG.java:1208)
	at org.testng.TestNG.runSuites(TestNG.java:1112)
	at org.testng.TestNG.run(TestNG.java:1079)
	at org.apache.maven.surefire.testng.TestNGExecutor.run(TestNGExecutor.java:324)
	at org.apache.maven.surefire.testng.TestNGXmlTestSuite.execute(TestNGXmlTestSuite.java:74)
	at org.apache.maven.surefire.testng.TestNGProvider.invoke(TestNGProvider.java:123)
	at org.apache.maven.surefire.booter.ForkedBooter.runSuitesInProcess(ForkedBooter.java:456)
	at org.apache.maven.surefire.booter.ForkedBooter.execute(ForkedBooter.java:169)
	at org.apache.maven.surefire.booter.ForkedBooter.run(ForkedBooter.java:595)
	at org.apache.maven.surefire.booter.ForkedBooter.main(ForkedBooter.java:581)
]]></failure>
    <system-out><![CDATA[____________________________________________________________
Deleting not needed files from folder with path: src/test/resources/reports/
Unable to delete the files in Directory: src/test/resources/reports/
____________________________________________________________
____________________________________________________________
Deleting not needed files from folder with path: src/test/resources/screenshots/
Unable to delete the files in Directory: src/test/resources/screenshots/
____________________________________________________________
[main] 00:58:28,956 INFO  [Teodora TAF]  ==== TEST CASE NAME : basicEndToEnd ====
[main] 00:58:28,959 INFO  [Teodora TAF] Create driver: chrome
[main] 00:58:31,694 INFO  [Teodora TAF] CONFIRM # The user has navigated to: http://training.skillo-bg.com:4300/posts/all
[main] 00:58:32,015 INFO  [Teodora TAF] ACTION @ The user is verifying if the web element with locator info: LOCATOR STRATEGY BY:  ID LOCATOR EXPRESSION:  defaultLoginFormUsername]
[main] 00:58:32,049 INFO  [Teodora TAF] # SHOWN  # Web element is shown with locator infoLOCATOR STRATEGY BY:  ID LOCATOR EXPRESSION:  defaultLoginFormUsername]
[main] 00:58:32,240 INFO  [Teodora TAF] ACTION @ The user is verifying if the web element with locator info: LOCATOR STRATEGY BY:  ID LOCATOR EXPRESSION:  defaultLoginFormUsername]
[main] 00:58:32,255 INFO  [Teodora TAF] # SHOWN  # Web element is shown with locator infoLOCATOR STRATEGY BY:  ID LOCATOR EXPRESSION:  defaultLoginFormUsername]
[main] 00:58:33,121 INFO  [Teodora TAF] ACTION @ The user is verifying if the web element with locator info: LOCATOR STRATEGY BY:  CSS SELECTOR LOCATOR EXPRESSION:  .file[type='file']]
[main] 00:58:38,408 ERROR [Teodora TAF] # NOT SHOWN ! # Web element is NOT shown with locator infoLOCATOR STRATEGY BY:  CSS SELECTOR LOCATOR EXPRESSION:  .file[type='file']]
]]></system-out>
    <system-err><![CDATA[SLF4J: Failed to load class "org.slf4j.impl.StaticLoggerBinder".
SLF4J: Defaulting to no-operation (NOP) logger implementation
SLF4J: See http://www.slf4j.org/codes.html#StaticLoggerBinder for further details.
яну 21, 2025 12:58:30 ПР.ОБ. org.openqa.selenium.devtools.CdpVersionFinder findNearestMatch
WARNING: Unable to find an exact match for CDP version 131, returning the closest version; found: 129; Please update to a Selenium version that supports CDP version 131
]]></system-err>
  </testcase>
  <testcase name="verifyUserCannotLoginWithWrongUserName" classname="gui.login.LoginNegativePathsTest" time="1.796">
    <system-out><![CDATA[[main] 00:58:38,566 INFO  [Teodora TAF] Close driver
[main] 00:58:38,858 INFO  [Teodora TAF]  ==== TEST CASE NAME : verifyUserCannotLoginWithWrongUserName ====
[main] 00:58:38,858 INFO  [Teodora TAF] Create driver: chrome
[main] 00:58:40,239 INFO  [Teodora TAF] STEP 1: Already registered user is landing on Iskilo Login Page
[main] 00:58:41,129 INFO  [Teodora TAF] CONFIRM # The user has navigated to: http://training.skillo-bg.com:4300/users/login
[main] 00:58:41,176 INFO  [Teodora TAF] STEP 1.1.Verify the user is on the Login page
[main] 00:58:41,207 INFO  [Teodora TAF] Verifying page title. Expected: ISkillo, Actual: ISkillo
[main] 00:58:41,207 INFO  [Teodora TAF] STEP 1.1.2. Verify that the Login Form is presented
[main] 00:58:41,298 INFO  [Teodora TAF] STEP 3. Provide username
[main] 00:58:41,304 INFO  [Teodora TAF] ACTION @ The user is verifying if the web element with locator info: LOCATOR STRATEGY BY:  ID LOCATOR EXPRESSION:  defaultLoginFormUsername]
[main] 00:58:41,336 INFO  [Teodora TAF] # SHOWN  # Web element is shown with locator infoLOCATOR STRATEGY BY:  ID LOCATOR EXPRESSION:  defaultLoginFormUsername]
[main] 00:58:41,469 INFO  [Teodora TAF] STEP 4. Provide password
[main] 00:58:41,469 INFO  [Teodora TAF] ACTION @ The user is verifying if the web element with locator info: LOCATOR STRATEGY BY:  ID LOCATOR EXPRESSION:  defaultLoginFormUsername]
[main] 00:58:41,486 INFO  [Teodora TAF] # SHOWN  # Web element is shown with locator infoLOCATOR STRATEGY BY:  ID LOCATOR EXPRESSION:  defaultLoginFormUsername]
[main] 00:58:41,604 INFO  [Teodora TAF] STEP 5. Click on login Button
[main] 00:58:41,736 INFO  [Teodora TAF] STEP 6.1. Verify the Login is successful
[main] 00:58:41,969 INFO  [Teodora TAF] STEP 6.1.2. Verify that the Login Form is presented
[main] 00:58:42,003 INFO  [Teodora TAF] STEP 6.1.3. Verify that the Login Button From Login Form is presented
[main] 00:58:42,003 INFO  [Teodora TAF] ACTION @ The user is verifying if the web element with locator info: LOCATOR STRATEGY BY:  ID LOCATOR EXPRESSION:  sign-in-button]
[main] 00:58:42,020 INFO  [Teodora TAF] # SHOWN  # Web element is shown with locator infoLOCATOR STRATEGY BY:  ID LOCATOR EXPRESSION:  sign-in-button]
[main] 00:58:42,020 INFO  [Teodora TAF] STEP 6.1.3. Verify that the User is still on the Login Page.
]]></system-out>
    <system-err><![CDATA[яну 21, 2025 12:58:40 ПР.ОБ. org.openqa.selenium.devtools.CdpVersionFinder findNearestMatch
WARNING: Unable to find an exact match for CDP version 131, returning the closest version; found: 129; Please update to a Selenium version that supports CDP version 131
]]></system-err>
  </testcase>
  <testcase name="verifyLoginPageLayout" classname="gui.login.LoginPageLayoutTest" time="0.838">
    <system-out><![CDATA[[main] 00:58:42,035 INFO  [Teodora TAF] Close driver
[main] 00:58:42,232 INFO  [Teodora TAF]  ==== TEST CASE NAME : verifyLoginPageLayout ====
[main] 00:58:42,232 INFO  [Teodora TAF] Create driver: chrome
[main] 00:58:44,218 INFO  [Teodora TAF] CONFIRM # The user has navigated to: http://training.skillo-bg.com:4300/users/login
]]></system-out>
    <system-err><![CDATA[яну 21, 2025 12:58:43 ПР.ОБ. org.openqa.selenium.devtools.CdpVersionFinder findNearestMatch
WARNING: Unable to find an exact match for CDP version 131, returning the closest version; found: 129; Please update to a Selenium version that supports CDP version 131
]]></system-err>
  </testcase>
  <testcase name="verifyUserCanCreatePost" classname="gui.post.PostTests" time="26.894">
    <system-out><![CDATA[[main] 00:58:44,226 INFO  [Teodora TAF] Close driver
[main] 00:58:44,563 INFO  [Teodora TAF]  ==== TEST CASE NAME : verifyUserCanCreatePost ====
[main] 00:58:44,563 INFO  [Teodora TAF] Create driver: chrome
[main] 00:58:45,733 INFO  [Teodora TAF] STEP 1: Not logged in user has opened the Skillo HomePage.
[main] 00:58:46,656 INFO  [Teodora TAF] CONFIRM # The user has navigated to: http://training.skillo-bg.com:4300/posts/all
[main] 00:58:46,663 INFO  [Teodora TAF] STEP 1.1.: Verify the user is on the Home Page.
[main] 00:58:46,663 INFO  [Teodora TAF] STEP 1.1.1.: Verify the Page Title.
[main] 00:58:46,670 INFO  [Teodora TAF] Verifying page title. Expected: ISkillo, Actual: ISkillo
[main] 00:58:46,671 INFO  [Teodora TAF] STEP 1.1.2.: Verify that the Navigation Bar Home is presented.
[main] 00:58:46,687 INFO  [Teodora TAF] ACTION @ The user is verifying if the web element with locator info: LOCATOR STRATEGY BY:  ID LOCATOR EXPRESSION:  nav-link-home]
[main] 00:58:46,709 INFO  [Teodora TAF] # SHOWN  # Web element is shown with locator infoLOCATOR STRATEGY BY:  ID LOCATOR EXPRESSION:  nav-link-home]
[main] 00:58:46,709 INFO  [Teodora TAF] STEP 1.1.3.: Verify that the Login link is presented.
[main] 00:58:46,720 INFO  [Teodora TAF] ACTION @ The user is verifying if the web element with locator info: LOCATOR STRATEGY BY:  ID LOCATOR EXPRESSION:  nav-link-login]
[main] 00:58:46,741 INFO  [Teodora TAF] # SHOWN  # Web element is shown with locator infoLOCATOR STRATEGY BY:  ID LOCATOR EXPRESSION:  nav-link-login]
[main] 00:58:46,742 INFO  [Teodora TAF] STEP 2: The user is navigating to the Login page via click on navigation bar Login link.
[main] 00:58:47,061 INFO  [Teodora TAF] STEP 2.1.: Verify the User is successfully landed on the Login Page.
[main] 00:58:47,184 INFO  [Teodora TAF] STEP 3.: Provide username and password and clicking on Login Button.
[main] 00:58:47,194 INFO  [Teodora TAF] ACTION @ The user is verifying if the web element with locator info: LOCATOR STRATEGY BY:  ID LOCATOR EXPRESSION:  defaultLoginFormUsername]
[main] 00:58:47,213 INFO  [Teodora TAF] # SHOWN  # Web element is shown with locator infoLOCATOR STRATEGY BY:  ID LOCATOR EXPRESSION:  defaultLoginFormUsername]
[main] 00:58:47,385 INFO  [Teodora TAF] ACTION @ The user is verifying if the web element with locator info: LOCATOR STRATEGY BY:  ID LOCATOR EXPRESSION:  defaultLoginFormUsername]
[main] 00:58:47,398 INFO  [Teodora TAF] # SHOWN  # Web element is shown with locator infoLOCATOR STRATEGY BY:  ID LOCATOR EXPRESSION:  defaultLoginFormUsername]
[main] 00:58:47,627 INFO  [Teodora TAF] STEP 4.: Verify the navigation bare Home link is presented.
[main] 00:58:47,633 INFO  [Teodora TAF] ACTION @ The user is verifying if the web element with locator info: LOCATOR STRATEGY BY:  ID LOCATOR EXPRESSION:  nav-link-home]
[main] 00:58:47,650 INFO  [Teodora TAF] # SHOWN  # Web element is shown with locator infoLOCATOR STRATEGY BY:  ID LOCATOR EXPRESSION:  nav-link-home]
[main] 00:58:47,650 INFO  [Teodora TAF] STEP 5.: Verify the navigation bare Profile link is presented and click on it.
[main] 00:58:48,182 INFO  [Teodora TAF] STEP 6.: Verify the User is navigated to the Profile Page
[main] 00:58:48,182 INFO  [Teodora TAF] STEP 6.1.: Verify if the URL is for the Profile Page
[main] 00:58:48,776 INFO  [Teodora TAF] STEP 7.: Verify there is a post - to be deleted.
[main] 00:58:56,680 INFO  [Teodora TAF] Reached the end of the page. Total posts: 12
[main] 00:58:56,680 INFO  [Teodora TAF] STEP 8.: The User click on navigation bar New Post link.
[main] 00:58:56,856 INFO  [Teodora TAF] STEP 9.: Verify the User is on Post Page.
[main] 00:58:56,857 INFO  [Teodora TAF] STEP 9.1.: Verify that the Upload Form is presented
[main] 00:58:56,912 INFO  [Teodora TAF] STEP 10.: The User is Uploading New Picture.
[main] 00:58:56,927 INFO  [Teodora TAF] ACTION @ The user is verifying if the web element with locator info: LOCATOR STRATEGY BY:  CSS SELECTOR LOCATOR EXPRESSION:  .file[type='file']]
[main] 00:59:02,156 ERROR [Teodora TAF] # NOT SHOWN ! # Web element is NOT shown with locator infoLOCATOR STRATEGY BY:  CSS SELECTOR LOCATOR EXPRESSION:  .file[type='file']]
[main] 00:59:02,187 INFO  [Teodora TAF] CONFIRMATION # The file was successfully uploaded.
[main] 00:59:02,187 INFO  [Teodora TAF] STEP 11.: The User is providing Post Caption.
[main] 00:59:02,367 INFO  [Teodora TAF] CONFIRMATION # The user has provided caption text: Teddy is Testing the create post caption
[main] 00:59:02,450 INFO  [Teodora TAF] CONFIRMATION # The user has clicked on the submit post button.
[main] 00:59:02,450 INFO  [Teodora TAF] STEP 12.: Verify the Post is created.
[main] 00:59:02,450 INFO  [Teodora TAF] STEP 12.1.: Verify there is one more post shown.
[main] 00:59:12,416 INFO  [Teodora TAF] Reached the end of the page. Total posts: 13
[main] 00:59:12,416 INFO  [Teodora TAF] STEP 12.2.: Click on Post.
[main] 00:59:12,532 INFO  [Teodora TAF] STEP 12.3.: Verify the Image is visibale in the Post Modal.
[main] 00:59:12,596 INFO  [Teodora TAF] STEP 12.4.: Verify the text of the new post is visible.
]]></system-out>
    <system-err><![CDATA[яну 21, 2025 12:58:45 ПР.ОБ. org.openqa.selenium.devtools.CdpVersionFinder findNearestMatch
WARNING: Unable to find an exact match for CDP version 131, returning the closest version; found: 129; Please update to a Selenium version that supports CDP version 131
]]></system-err>
  </testcase>
  <testcase name="verifyUserCanDislikePost" classname="gui.post.PostTests" time="6.994">
    <failure message="Expected condition failed: waiting for url to contain &quot;/users/5646&quot;. Current url: &quot;http://training.skillo-bg.com:4300/posts/all&quot; (tried for 5 second(s) with 500 milliseconds interval)&#10;Build info: version: &apos;4.25.0&apos;, revision: &apos;8a8aea2337&apos;&#10;System info: os.name: &apos;Windows 11&apos;, os.arch: &apos;amd64&apos;, os.version: &apos;10.0&apos;, java.version: &apos;23&apos;&#10;Driver info: org.openqa.selenium.chrome.ChromeDriver&#10;Capabilities {acceptInsecureCerts: false, browserName: chrome, browserVersion: 131.0.6778.265, chrome: {chromedriverVersion: 131.0.6778.264 (2d05e315153..., userDataDir: C:\Users\Teddy\AppData\Loca...}, fedcm:accounts: true, goog:chromeOptions: {debuggerAddress: localhost:58107}, networkConnectionEnabled: false, pageLoadStrategy: normal, platformName: windows, proxy: Proxy(), se:cdp: ws://localhost:58107/devtoo..., se:cdpVersion: 131.0.6778.265, setWindowRect: true, strictFileInteractability: false, timeouts: {implicit: 0, pageLoad: 300000, script: 30000}, unhandledPromptBehavior: dismiss and notify, webauthn:extension:credBlob: true, webauthn:extension:largeBlob: true, webauthn:extension:minPinLength: true, webauthn:extension:prf: true, webauthn:virtualAuthenticators: true}&#10;Session ID: ca9c755e3353a8cc5b255beed03e4c1a" type="org.openqa.selenium.TimeoutException"><![CDATA[org.openqa.selenium.TimeoutException: 
Expected condition failed: waiting for url to contain "/users/5646". Current url: "http://training.skillo-bg.com:4300/posts/all" (tried for 5 second(s) with 500 milliseconds interval)
Build info: version: '4.25.0', revision: '8a8aea2337'
System info: os.name: 'Windows 11', os.arch: 'amd64', os.version: '10.0', java.version: '23'
Driver info: org.openqa.selenium.chrome.ChromeDriver
Capabilities {acceptInsecureCerts: false, browserName: chrome, browserVersion: 131.0.6778.265, chrome: {chromedriverVersion: 131.0.6778.264 (2d05e315153..., userDataDir: C:\Users\Teddy\AppData\Loca...}, fedcm:accounts: true, goog:chromeOptions: {debuggerAddress: localhost:58107}, networkConnectionEnabled: false, pageLoadStrategy: normal, platformName: windows, proxy: Proxy(), se:cdp: ws://localhost:58107/devtoo..., se:cdpVersion: 131.0.6778.265, setWindowRect: true, strictFileInteractability: false, timeouts: {implicit: 0, pageLoad: 300000, script: 30000}, unhandledPromptBehavior: dismiss and notify, webauthn:extension:credBlob: true, webauthn:extension:largeBlob: true, webauthn:extension:minPinLength: true, webauthn:extension:prf: true, webauthn:virtualAuthenticators: true}
Session ID: ca9c755e3353a8cc5b255beed03e4c1a
	at org.openqa.selenium.support.ui.WebDriverWait.timeoutException(WebDriverWait.java:84)
	at org.openqa.selenium.support.ui.FluentWait.until(FluentWait.java:228)
	at com.td.POM.BasePage.isURLLoaded(BasePage.java:50)
	at gui.post.PostTests.verifyUserCanDislikePost(PostTests.java:211)
	at java.base/jdk.internal.reflect.DirectMethodHandleAccessor.invoke(DirectMethodHandleAccessor.java:103)
	at java.base/java.lang.reflect.Method.invoke(Method.java:580)
	at org.testng.internal.invokers.MethodInvocationHelper.invokeMethod(MethodInvocationHelper.java:141)
	at org.testng.internal.invokers.TestInvoker.invokeMethod(TestInvoker.java:686)
	at org.testng.internal.invokers.TestInvoker.invokeTestMethod(TestInvoker.java:230)
	at org.testng.internal.invokers.MethodRunner.runInSequence(MethodRunner.java:63)
	at org.testng.internal.invokers.TestInvoker$MethodInvocationAgent.invoke(TestInvoker.java:992)
	at org.testng.internal.invokers.TestInvoker.invokeTestMethods(TestInvoker.java:203)
	at org.testng.internal.invokers.TestMethodWorker.invokeTestMethods(TestMethodWorker.java:154)
	at org.testng.internal.invokers.TestMethodWorker.run(TestMethodWorker.java:134)
	at java.base/java.util.ArrayList.forEach(ArrayList.java:1597)
	at org.testng.TestRunner.privateRun(TestRunner.java:739)
	at org.testng.TestRunner.run(TestRunner.java:614)
	at org.testng.SuiteRunner.runTest(SuiteRunner.java:421)
	at org.testng.SuiteRunner.runSequentially(SuiteRunner.java:413)
	at org.testng.SuiteRunner.privateRun(SuiteRunner.java:373)
	at org.testng.SuiteRunner.run(SuiteRunner.java:312)
	at org.testng.SuiteRunnerWorker.runSuite(SuiteRunnerWorker.java:52)
	at org.testng.SuiteRunnerWorker.run(SuiteRunnerWorker.java:95)
	at org.testng.TestNG.runSuitesSequentially(TestNG.java:1274)
	at org.testng.TestNG.runSuitesLocally(TestNG.java:1208)
	at org.testng.TestNG.runSuites(TestNG.java:1112)
	at org.testng.TestNG.run(TestNG.java:1079)
	at org.apache.maven.surefire.testng.TestNGExecutor.run(TestNGExecutor.java:324)
	at org.apache.maven.surefire.testng.TestNGXmlTestSuite.execute(TestNGXmlTestSuite.java:74)
	at org.apache.maven.surefire.testng.TestNGProvider.invoke(TestNGProvider.java:123)
	at org.apache.maven.surefire.booter.ForkedBooter.runSuitesInProcess(ForkedBooter.java:456)
	at org.apache.maven.surefire.booter.ForkedBooter.execute(ForkedBooter.java:169)
	at org.apache.maven.surefire.booter.ForkedBooter.run(ForkedBooter.java:595)
	at org.apache.maven.surefire.booter.ForkedBooter.main(ForkedBooter.java:581)
]]></failure>
    <system-out><![CDATA[[main] 00:59:12,627 INFO  [Teodora TAF] Close driver
[main] 00:59:12,922 INFO  [Teodora TAF]  ==== TEST CASE NAME : verifyUserCanDislikePost ====
[main] 00:59:12,922 INFO  [Teodora TAF] Create driver: chrome
[main] 00:59:14,042 INFO  [Teodora TAF] STEP 1: Not logged in user has opened the Skillo HomePage.
[main] 00:59:14,862 INFO  [Teodora TAF] CONFIRM # The user has navigated to: http://training.skillo-bg.com:4300/posts/all
[main] 00:59:14,866 INFO  [Teodora TAF] STEP 1.1.: Verify the user is on the Home Page.
[main] 00:59:14,866 INFO  [Teodora TAF] STEP 1.1.1.: Verify the Page Title.
[main] 00:59:14,866 INFO  [Teodora TAF] Verifying page title. Expected: ISkillo, Actual: ISkillo
[main] 00:59:14,866 INFO  [Teodora TAF] STEP 1.1.2.: Verify that the Navigation Bar Home is presented.
[main] 00:59:14,889 INFO  [Teodora TAF] ACTION @ The user is verifying if the web element with locator info: LOCATOR STRATEGY BY:  ID LOCATOR EXPRESSION:  nav-link-home]
[main] 00:59:14,898 INFO  [Teodora TAF] # SHOWN  # Web element is shown with locator infoLOCATOR STRATEGY BY:  ID LOCATOR EXPRESSION:  nav-link-home]
[main] 00:59:14,898 INFO  [Teodora TAF] STEP 1.1.3.: Verify that the Login link is presented.
[main] 00:59:14,915 INFO  [Teodora TAF] ACTION @ The user is verifying if the web element with locator info: LOCATOR STRATEGY BY:  ID LOCATOR EXPRESSION:  nav-link-login]
[main] 00:59:14,928 INFO  [Teodora TAF] # SHOWN  # Web element is shown with locator infoLOCATOR STRATEGY BY:  ID LOCATOR EXPRESSION:  nav-link-login]
[main] 00:59:14,928 INFO  [Teodora TAF] STEP 2: The user is navigating to the Login page via click on navigation bar Login link.
[main] 00:59:15,088 INFO  [Teodora TAF] STEP 2.1.: Verify the User is successfully landed on the Login Page.
[main] 00:59:15,268 INFO  [Teodora TAF] STEP 3.: Provide username and password and clicking on Login Button.
[main] 00:59:15,291 INFO  [Teodora TAF] ACTION @ The user is verifying if the web element with locator info: LOCATOR STRATEGY BY:  ID LOCATOR EXPRESSION:  defaultLoginFormUsername]
[main] 00:59:15,307 INFO  [Teodora TAF] # SHOWN  # Web element is shown with locator infoLOCATOR STRATEGY BY:  ID LOCATOR EXPRESSION:  defaultLoginFormUsername]
[main] 00:59:15,484 INFO  [Teodora TAF] ACTION @ The user is verifying if the web element with locator info: LOCATOR STRATEGY BY:  ID LOCATOR EXPRESSION:  defaultLoginFormUsername]
[main] 00:59:15,498 INFO  [Teodora TAF] # SHOWN  # Web element is shown with locator infoLOCATOR STRATEGY BY:  ID LOCATOR EXPRESSION:  defaultLoginFormUsername]
[main] 00:59:15,715 INFO  [Teodora TAF] STEP 4.1.: Verify the navigation bare Home link is presented.
[main] 00:59:15,715 INFO  [Teodora TAF] ACTION @ The user is verifying if the web element with locator info: LOCATOR STRATEGY BY:  ID LOCATOR EXPRESSION:  nav-link-home]
[main] 00:59:15,731 INFO  [Teodora TAF] # SHOWN  # Web element is shown with locator infoLOCATOR STRATEGY BY:  ID LOCATOR EXPRESSION:  nav-link-home]
[main] 00:59:15,731 INFO  [Teodora TAF] STEP 4.2.: The User click on navigation bar Home link.
[main] 00:59:15,873 INFO  [Teodora TAF] STEP 5.: Verify the User is navigated to the Profile Page
[main] 00:59:15,873 INFO  [Teodora TAF] STEP 5.1.: Verify if the URL is for the Profile Page
]]></system-out>
    <system-err><![CDATA[яну 21, 2025 12:59:13 ПР.ОБ. org.openqa.selenium.devtools.CdpVersionFinder findNearestMatch
WARNING: Unable to find an exact match for CDP version 131, returning the closest version; found: 129; Please update to a Selenium version that supports CDP version 131
]]></system-err>
  </testcase>
  <testcase name="verifyUserCanDeletePost" classname="gui.post.PostTests" time="16.568">
    <system-out><![CDATA[[main] 00:59:21,144 INFO  [Teodora TAF] Close driver
[main] 00:59:21,384 INFO  [Teodora TAF]  ==== TEST CASE NAME : verifyUserCanDeletePost ====
[main] 00:59:21,384 INFO  [Teodora TAF] Create driver: chrome
[main] 00:59:22,440 INFO  [Teodora TAF] STEP 1: Navigating to the Login page.
[main] 00:59:23,312 INFO  [Teodora TAF] CONFIRM # The user has navigated to: http://training.skillo-bg.com:4300/users/login
[main] 00:59:23,312 INFO  [Teodora TAF] STEP 2: Verifying user is on the Login Page.
[main] 00:59:23,398 INFO  [Teodora TAF] STEP 3: Logging in with valid credentials.
[main] 00:59:23,406 INFO  [Teodora TAF] ACTION @ The user is verifying if the web element with locator info: LOCATOR STRATEGY BY:  ID LOCATOR EXPRESSION:  defaultLoginFormUsername]
[main] 00:59:23,449 INFO  [Teodora TAF] # SHOWN  # Web element is shown with locator infoLOCATOR STRATEGY BY:  ID LOCATOR EXPRESSION:  defaultLoginFormUsername]
[main] 00:59:23,623 INFO  [Teodora TAF] ACTION @ The user is verifying if the web element with locator info: LOCATOR STRATEGY BY:  ID LOCATOR EXPRESSION:  defaultLoginFormUsername]
[main] 00:59:23,630 INFO  [Teodora TAF] # SHOWN  # Web element is shown with locator infoLOCATOR STRATEGY BY:  ID LOCATOR EXPRESSION:  defaultLoginFormUsername]
[main] 00:59:23,831 INFO  [Teodora TAF] STEP 4: Clicking on Profile link in navigation bar.
[main] 00:59:24,455 INFO  [Teodora TAF] STEP 5: Verifying the user is navigated to the Profile Page.
[main] 00:59:25,005 INFO  [Teodora TAF] STEP 6: Checking for existing posts to delete.
[main] 00:59:32,944 INFO  [Teodora TAF] Reached the end of the page. Total posts: 13
[main] 00:59:32,944 INFO  [Teodora TAF] STEP 7: Selecting and deleting the first post.
[main] 00:59:33,582 INFO  [Teodora TAF] STEP 8: Verifying deletion confirmation message.
[main] 00:59:33,797 INFO  [Teodora TAF] STEP 9: Verifying post count decreased.
[main] 00:59:39,008 INFO  [Teodora TAF] Reached the top of the page or no more new posts. Total posts: 12
]]></system-out>
    <system-err><![CDATA[яну 21, 2025 12:59:22 ПР.ОБ. org.openqa.selenium.devtools.CdpVersionFinder findNearestMatch
WARNING: Unable to find an exact match for CDP version 131, returning the closest version; found: 129; Please update to a Selenium version that supports CDP version 131
]]></system-err>
  </testcase>
  <testcase name="verifyUserCanRegisterWithValidData" classname="gui.registration.RegistrationHappyPath" time="2.137">
    <failure message="expected [Successful register!] but found [Username taken]" type="java.lang.AssertionError"><![CDATA[java.lang.AssertionError: expected [Successful register!] but found [Username taken]
	at org.testng.Assert.fail(Assert.java:111)
	at org.testng.Assert.failNotEquals(Assert.java:1578)
	at org.testng.Assert.assertEqualsImpl(Assert.java:150)
	at org.testng.Assert.assertEquals(Assert.java:132)
	at org.testng.Assert.assertEquals(Assert.java:656)
	at org.testng.Assert.assertEquals(Assert.java:666)
	at gui.registration.RegistrationHappyPath.verifyUserCanRegisterWithValidData(RegistrationHappyPath.java:63)
	at java.base/jdk.internal.reflect.DirectMethodHandleAccessor.invoke(DirectMethodHandleAccessor.java:103)
	at java.base/java.lang.reflect.Method.invoke(Method.java:580)
	at org.testng.internal.invokers.MethodInvocationHelper.invokeMethod(MethodInvocationHelper.java:141)
	at org.testng.internal.invokers.TestInvoker.invokeMethod(TestInvoker.java:686)
	at org.testng.internal.invokers.TestInvoker.invokeTestMethod(TestInvoker.java:230)
	at org.testng.internal.invokers.MethodRunner.runInSequence(MethodRunner.java:63)
	at org.testng.internal.invokers.TestInvoker$MethodInvocationAgent.invoke(TestInvoker.java:992)
	at org.testng.internal.invokers.TestInvoker.invokeTestMethods(TestInvoker.java:203)
	at org.testng.internal.invokers.TestMethodWorker.invokeTestMethods(TestMethodWorker.java:154)
	at org.testng.internal.invokers.TestMethodWorker.run(TestMethodWorker.java:134)
	at java.base/java.util.ArrayList.forEach(ArrayList.java:1597)
	at org.testng.TestRunner.privateRun(TestRunner.java:739)
	at org.testng.TestRunner.run(TestRunner.java:614)
	at org.testng.SuiteRunner.runTest(SuiteRunner.java:421)
	at org.testng.SuiteRunner.runSequentially(SuiteRunner.java:413)
	at org.testng.SuiteRunner.privateRun(SuiteRunner.java:373)
	at org.testng.SuiteRunner.run(SuiteRunner.java:312)
	at org.testng.SuiteRunnerWorker.runSuite(SuiteRunnerWorker.java:52)
	at org.testng.SuiteRunnerWorker.run(SuiteRunnerWorker.java:95)
	at org.testng.TestNG.runSuitesSequentially(TestNG.java:1274)
	at org.testng.TestNG.runSuitesLocally(TestNG.java:1208)
	at org.testng.TestNG.runSuites(TestNG.java:1112)
	at org.testng.TestNG.run(TestNG.java:1079)
	at org.apache.maven.surefire.testng.TestNGExecutor.run(TestNGExecutor.java:324)
	at org.apache.maven.surefire.testng.TestNGXmlTestSuite.execute(TestNGXmlTestSuite.java:74)
	at org.apache.maven.surefire.testng.TestNGProvider.invoke(TestNGProvider.java:123)
	at org.apache.maven.surefire.booter.ForkedBooter.runSuitesInProcess(ForkedBooter.java:456)
	at org.apache.maven.surefire.booter.ForkedBooter.execute(ForkedBooter.java:169)
	at org.apache.maven.surefire.booter.ForkedBooter.run(ForkedBooter.java:595)
	at org.apache.maven.surefire.booter.ForkedBooter.main(ForkedBooter.java:581)
]]></failure>
    <system-out><![CDATA[[main] 00:59:39,008 INFO  [Teodora TAF] Close driver
[main] 00:59:39,320 INFO  [Teodora TAF]  ==== TEST CASE NAME : verifyUserCanRegisterWithValidData ====
[main] 00:59:39,320 INFO  [Teodora TAF] Create driver: chrome
[main] 00:59:40,407 INFO  [Teodora TAF] STEP 1: The Unregistered User is landing on the Registration Page
[main] 00:59:41,293 INFO  [Teodora TAF] CONFIRM # The user has navigated to: http://training.skillo-bg.com:4300/users/register
[main] 00:59:41,293 INFO  [Teodora TAF] STEP 1.1.: Verify the user is on the Registration Page
[main] 00:59:41,309 INFO  [Teodora TAF] STEP 1.1.1.: Verify the Registration Form Title is presented
[main] 00:59:41,356 INFO  [Teodora TAF] STEP 2.: Provide Random User Name
[main] 00:59:41,382 INFO  [Teodora TAF] ACTION @ The user is verifying if the web element with locator info: LOCATOR STRATEGY BY:  XPATH LOCATOR EXPRESSION:  //input[@formcontrolname='username']]
[main] 00:59:41,410 INFO  [Teodora TAF] # SHOWN  # Web element is shown with locator infoLOCATOR STRATEGY BY:  XPATH LOCATOR EXPRESSION:  //input[@formcontrolname='username']]
[main] 00:59:41,548 INFO  [Teodora TAF] STEP 3.: Provide Random email
[main] 00:59:41,561 INFO  [Teodora TAF] ACTION @ The user is verifying if the web element with locator info: LOCATOR STRATEGY BY:  CSS SELECTOR LOCATOR EXPRESSION:  input[placeholder='email']]
[main] 00:59:41,579 INFO  [Teodora TAF] # SHOWN  # Web element is shown with locator infoLOCATOR STRATEGY BY:  CSS SELECTOR LOCATOR EXPRESSION:  input[placeholder='email']]
[main] 00:59:41,712 INFO  [Teodora TAF] STEP 4.: Provide Date of Birth
[main] 00:59:41,727 INFO  [Teodora TAF] ACTION @ The user is verifying if the web element with locator info: LOCATOR STRATEGY BY:  XPATH LOCATOR EXPRESSION:  //input[@formcontrolname='birthDate']]
[main] 00:59:41,727 INFO  [Teodora TAF] # SHOWN  # Web element is shown with locator infoLOCATOR STRATEGY BY:  XPATH LOCATOR EXPRESSION:  //input[@formcontrolname='birthDate']]
[main] 00:59:41,827 INFO  [Teodora TAF] STEP 5.: Provide Date of Birth
[main] 00:59:41,827 INFO  [Teodora TAF] ACTION @ The user is verifying if the web element with locator info: LOCATOR STRATEGY BY:  XPATH LOCATOR EXPRESSION:  //input[@id='defaultRegisterFormPassword']]
[main] 00:59:41,844 INFO  [Teodora TAF] # SHOWN  # Web element is shown with locator infoLOCATOR STRATEGY BY:  XPATH LOCATOR EXPRESSION:  //input[@id='defaultRegisterFormPassword']]
[main] 00:59:41,961 INFO  [Teodora TAF] STEP 6.:Provide Date of Birth
[main] 00:59:41,977 INFO  [Teodora TAF] ACTION @ The user is verifying if the web element with locator info: LOCATOR STRATEGY BY:  XPATH LOCATOR EXPRESSION:  //input[@formcontrolname='confirmPassword']]
[main] 00:59:41,994 INFO  [Teodora TAF] # SHOWN  # Web element is shown with locator infoLOCATOR STRATEGY BY:  XPATH LOCATOR EXPRESSION:  //input[@formcontrolname='confirmPassword']]
[main] 00:59:42,095 INFO  [Teodora TAF] STEP 7.: Provide Public Info
[main] 00:59:42,111 INFO  [Teodora TAF] ACTION @ The user is verifying if the web element with locator info: LOCATOR STRATEGY BY:  XPATH LOCATOR EXPRESSION:  //textarea[@placeholder='Public info']]
[main] 00:59:42,126 INFO  [Teodora TAF] # SHOWN  # Web element is shown with locator infoLOCATOR STRATEGY BY:  XPATH LOCATOR EXPRESSION:  //textarea[@placeholder='Public info']]
[main] 00:59:42,378 INFO  [Teodora TAF] STEP 6.: Verify the Registration is successful
[main] 00:59:42,378 INFO  [Teodora TAF] STEP 6.1.: Verify the Message for Successful Registration
]]></system-out>
    <system-err><![CDATA[яну 21, 2025 12:59:40 ПР.ОБ. org.openqa.selenium.devtools.CdpVersionFinder findNearestMatch
WARNING: Unable to find an exact match for CDP version 131, returning the closest version; found: 129; Please update to a Selenium version that supports CDP version 131
]]></system-err>
  </testcase>
</testsuite>